Using pre-set license
Built from '2020.2/release' branch; Version is '2020.2.2f1 (068178b99f32) revision 426360'; Using compiler version '192528614'; Build Type 'Release'
OS: 'Windows 10 Pro; OS build 19041.1; Version 2004; 64bit' Language: 'ko' Physical Memory: 16297 MB
BatchMode: 1, IsHumanControllingUs: 0, StartBugReporterOnCrash: 0, Is64bit: 1, IsPro: 0

 COMMAND LINE ARGUMENTS:
D:\Unity\2020.2.2f1\Editor\Unity.exe
-adb2
-batchMode
-noUpm
-name
AssetImportWorker0
-projectPath
D:/Unity_Study/Workspace/KnightRPG
-logFile
Logs/AssetImportWorker0.log
-srvPort
50768
Successfully changed project path to: D:/Unity_Study/Workspace/KnightRPG
D:/Unity_Study/Workspace/KnightRPG
Using Asset Import Pipeline V2.
Refreshing native plugins compatible for Editor in 26.75 ms, found 0 plugins.
Preloading 0 native plugins for Editor in 0.00 ms.
Initialize engine version: 2020.2.2f1 (068178b99f32)
[Subsystems] Discovering subsystems at path D:/Unity/2020.2.2f1/Editor/Data/Resources/UnitySubsystems
[Subsystems] Discovering subsystems at path D:/Unity_Study/Workspace/KnightRPG/Assets
GfxDevice: creating device client; threaded=0
Direct3D:
    Version:  Direct3D 11.0 [level 11.1]
    Renderer: NVIDIA GeForce RTX 3070 (ID=0x2484)
    Vendor:   
    VRAM:     8043 MB
    Driver:   30.0.14.7111
Initialize mono
Mono path[0] = 'D:/Unity/2020.2.2f1/Editor/Data/Managed'
Mono path[1] = 'D:/Unity/2020.2.2f1/Editor/Data/MonoBleedingEdge/lib/mono/unityjit'
Mono config path = 'D:/Unity/2020.2.2f1/Editor/Data/MonoBleedingEdge/etc'
Using monoOptions --debugger-agent=transport=dt_socket,embedding=1,server=y,suspend=n,address=127.0.0.1:56156
Begin MonoManager ReloadAssembly
Registering precompiled unity dll's ...
Register platform support module: D:/Unity/2020.2.2f1/Editor/Data/PlaybackEngines/WindowsStandaloneSupport/UnityEditor.WindowsStandalone.Extensions.dll
Registered in 0.001506 seconds.
Native extension for WindowsStandalone target not found
Refreshing native plugins compatible for Editor in 26.97 ms, found 0 plugins.
Preloading 0 native plugins for Editor in 0.00 ms.
Invoked RoslynAnalysisRunner static constructor.
RoslynAnalysisRunner will not be running.
RoslynAnalysisRunner has terminated.
Mono: successfully reloaded assembly
- Completed reload, in  1.572 seconds
Platform modules already initialized, skipping
Registering precompiled user dll's ...
Registered in 0.001955 seconds.
Begin MonoManager ReloadAssembly
Native extension for WindowsStandalone target not found
Refreshing native plugins compatible for Editor in 0.26 ms, found 0 plugins.
Preloading 0 native plugins for Editor in 0.00 ms.
Invoked RoslynAnalysisRunner static constructor.
RoslynAnalysisRunner will not be running.
RoslynAnalysisRunner has terminated.
Mono: successfully reloaded assembly
- Completed reload, in  0.843 seconds
Platform modules already initialized, skipping
========================================================================
Worker process is ready to serve import requests
Launched and connected shader compiler UnityShaderCompiler.exe after 0.06 seconds
Refreshing native plugins compatible for Editor in 0.33 ms, found 0 plugins.
Preloading 0 native plugins for Editor in 0.00 ms.
Unloading 1141 Unused Serialized files (Serialized files now loaded: 0)
System memory in use before: 74.8 MB.
System memory in use after: 74.8 MB.

Unloading 14 unused Assets to reduce memory usage. Loaded Objects now: 1599.
Total: 1.746700 ms (FindLiveObjects: 0.214300 ms CreateObjectMapping: 0.049300 ms MarkObjects: 1.373000 ms  DeleteObjects: 0.109000 ms)

========================================================================
Received Prepare
Registering precompiled user dll's ...
Registered in 0.001856 seconds.
Begin MonoManager ReloadAssembly
Native extension for WindowsStandalone target not found
Refreshing native plugins compatible for Editor in 0.28 ms, found 0 plugins.
Preloading 0 native plugins for Editor in 0.00 ms.
Invoked RoslynAnalysisRunner static constructor.
RoslynAnalysisRunner will not be running.
RoslynAnalysisRunner has terminated.
Mono: successfully reloaded assembly
- Completed reload, in  0.692 seconds
Platform modules already initialized, skipping
Refreshing native plugins compatible for Editor in 0.30 ms, found 0 plugins.
Preloading 0 native plugins for Editor in 0.00 ms.
Unloading 1135 Unused Serialized files (Serialized files now loaded: 0)
System memory in use before: 75.6 MB.
System memory in use after: 75.7 MB.

Unloading 9 unused Assets to reduce memory usage. Loaded Objects now: 1601.
Total: 1.631700 ms (FindLiveObjects: 0.155900 ms CreateObjectMapping: 0.041600 ms MarkObjects: 1.368900 ms  DeleteObjects: 0.063800 ms)

========================================================================
Received Import Request.
  path: Assets/Script/GlobalData.cs
  artifactKey: Guid(4afeb5140ed4f8d47bd2c36e50e61513) Importer(815301076,1909f56bfc062723c751e8b465ee728b)
Start importing Assets/Script/GlobalData.cs using Guid(4afeb5140ed4f8d47bd2c36e50e61513) Importer(815301076,1909f56bfc062723c751e8b465ee728b)  -> (artifact id: '1b470b060bea475d3836c77645cee603') in 0.047117 seconds
  Import took 0.049596 seconds .

========================================================================
Received Prepare
Registering precompiled user dll's ...
Registered in 0.002867 seconds.
Begin MonoManager ReloadAssembly
Native extension for WindowsStandalone target not found
Refreshing native plugins compatible for Editor in 0.26 ms, found 0 plugins.
Preloading 0 native plugins for Editor in 0.00 ms.
Invoked RoslynAnalysisRunner static constructor.
RoslynAnalysisRunner will not be running.
RoslynAnalysisRunner has terminated.
Mono: successfully reloaded assembly
- Completed reload, in  0.804 seconds
Platform modules already initialized, skipping
Refreshing native plugins compatible for Editor in 0.28 ms, found 0 plugins.
Preloading 0 native plugins for Editor in 0.00 ms.
Unloading 1135 Unused Serialized files (Serialized files now loaded: 0)
System memory in use before: 75.7 MB.
System memory in use after: 75.7 MB.

Unloading 9 unused Assets to reduce memory usage. Loaded Objects now: 1603.
Total: 2.951000 ms (FindLiveObjects: 0.269600 ms CreateObjectMapping: 0.098700 ms MarkObjects: 2.406200 ms  DeleteObjects: 0.174700 ms)

========================================================================
Received Import Request.
  Time since last request: 17688.618288 seconds.
  path: Assets/Script/GlobalData.cs
  artifactKey: Guid(4afeb5140ed4f8d47bd2c36e50e61513) Importer(815301076,1909f56bfc062723c751e8b465ee728b)
Start importing Assets/Script/GlobalData.cs using Guid(4afeb5140ed4f8d47bd2c36e50e61513) Importer(815301076,1909f56bfc062723c751e8b465ee728b)  -> (artifact id: '49f79472dbc813552f49f0ad0347548a') in 0.010525 seconds
  Import took 0.013770 seconds .

========================================================================
Received Import Request.
  Time since last request: 0.013425 seconds.
  path: Assets/Script/GlobalData.cs
  artifactKey: Guid(4afeb5140ed4f8d47bd2c36e50e61513) Importer(815301076,1909f56bfc062723c751e8b465ee728b)
Start importing Assets/Script/GlobalData.cs using Guid(4afeb5140ed4f8d47bd2c36e50e61513) Importer(815301076,1909f56bfc062723c751e8b465ee728b)  -> (artifact id: '49f79472dbc813552f49f0ad0347548a') in 0.003985 seconds
  Import took 0.006298 seconds .

========================================================================
Received Prepare
Registering precompiled user dll's ...
Registered in 0.002314 seconds.
Begin MonoManager ReloadAssembly
Native extension for WindowsStandalone target not found
Refreshing native plugins compatible for Editor in 0.27 ms, found 0 plugins.
Preloading 0 native plugins for Editor in 0.00 ms.
Invoked RoslynAnalysisRunner static constructor.
RoslynAnalysisRunner will not be running.
RoslynAnalysisRunner has terminated.
Mono: successfully reloaded assembly
- Completed reload, in  0.728 seconds
Platform modules already initialized, skipping
Refreshing native plugins compatible for Editor in 0.35 ms, found 0 plugins.
Preloading 0 native plugins for Editor in 0.00 ms.
Unloading 1135 Unused Serialized files (Serialized files now loaded: 0)
System memory in use before: 75.7 MB.
System memory in use after: 75.8 MB.

Unloading 9 unused Assets to reduce memory usage. Loaded Objects now: 1605.
Total: 2.522400 ms (FindLiveObjects: 0.262200 ms CreateObjectMapping: 0.074200 ms MarkObjects: 2.113400 ms  DeleteObjects: 0.071300 ms)

========================================================================
Received Prepare
Registering precompiled user dll's ...
Registered in 0.002740 seconds.
Begin MonoManager ReloadAssembly
Native extension for WindowsStandalone target not found
Refreshing native plugins compatible for Editor in 0.28 ms, found 0 plugins.
Preloading 0 native plugins for Editor in 0.00 ms.
Invoked RoslynAnalysisRunner static constructor.
RoslynAnalysisRunner will not be running.
RoslynAnalysisRunner has terminated.
Mono: successfully reloaded assembly
- Completed reload, in  0.715 seconds
Platform modules already initialized, skipping
Refreshing native plugins compatible for Editor in 0.42 ms, found 0 plugins.
Preloading 0 native plugins for Editor in 0.00 ms.
Unloading 1135 Unused Serialized files (Serialized files now loaded: 0)
System memory in use before: 75.7 MB.
System memory in use after: 75.8 MB.

Unloading 9 unused Assets to reduce memory usage. Loaded Objects now: 1607.
Total: 2.892100 ms (FindLiveObjects: 0.294800 ms CreateObjectMapping: 0.068100 ms MarkObjects: 2.456000 ms  DeleteObjects: 0.070800 ms)

========================================================================
Received Import Request.
  Time since last request: 5020.278445 seconds.
  path: Assets/Script/Sound_Ctrl.cs
  artifactKey: Guid(174e9bd2c560ca74aa38fc61d003c749) Importer(815301076,1909f56bfc062723c751e8b465ee728b)
Start importing Assets/Script/Sound_Ctrl.cs using Guid(174e9bd2c560ca74aa38fc61d003c749) Importer(815301076,1909f56bfc062723c751e8b465ee728b)  -> (artifact id: 'e9df4fb2bc724251c8bf292896188a74') in 0.009770 seconds
  Import took 0.012174 seconds .

========================================================================
Received Prepare
Registering precompiled user dll's ...
Registered in 0.002707 seconds.
Begin MonoManager ReloadAssembly
Native extension for WindowsStandalone target not found
Refreshing native plugins compatible for Editor in 0.27 ms, found 0 plugins.
Preloading 0 native plugins for Editor in 0.00 ms.
Invoked RoslynAnalysisRunner static constructor.
RoslynAnalysisRunner will not be running.
RoslynAnalysisRunner has terminated.
Mono: successfully reloaded assembly
- Completed reload, in  0.692 seconds
Platform modules already initialized, skipping
Refreshing native plugins compatible for Editor in 0.31 ms, found 0 plugins.
Preloading 0 native plugins for Editor in 0.00 ms.
Unloading 1135 Unused Serialized files (Serialized files now loaded: 0)
System memory in use before: 75.7 MB.
System memory in use after: 75.8 MB.

Unloading 9 unused Assets to reduce memory usage. Loaded Objects now: 1609.
Total: 1.559100 ms (FindLiveObjects: 0.197100 ms CreateObjectMapping: 0.039200 ms MarkObjects: 1.261600 ms  DeleteObjects: 0.060300 ms)

========================================================================
Received Import Request.
  Time since last request: 351.009104 seconds.
  path: Assets/Script/DlgBox_Ctrl.cs
  artifactKey: Guid(d41710c018010f84a83cfa1f1786fc04) Importer(815301076,1909f56bfc062723c751e8b465ee728b)
Start importing Assets/Script/DlgBox_Ctrl.cs using Guid(d41710c018010f84a83cfa1f1786fc04) Importer(815301076,1909f56bfc062723c751e8b465ee728b)  -> (artifact id: '8b87833662f3c311232ac096b6198743') in 0.014440 seconds
  Import took 0.017348 seconds .

========================================================================
Received Import Request.
  Time since last request: 1.778484 seconds.
  path: Assets/Script/MainUI_Ctrl.cs
  artifactKey: Guid(32cae12bcfa69904393408d0b0f73db9) Importer(815301076,1909f56bfc062723c751e8b465ee728b)
Start importing Assets/Script/MainUI_Ctrl.cs using Guid(32cae12bcfa69904393408d0b0f73db9) Importer(815301076,1909f56bfc062723c751e8b465ee728b)  -> (artifact id: '3002e610d6d2a393147a18e8a41770c4') in 0.007214 seconds
  Import took 0.010152 seconds .

========================================================================
Received Prepare
Registering precompiled user dll's ...
Registered in 0.001921 seconds.
Begin MonoManager ReloadAssembly
Native extension for WindowsStandalone target not found
Refreshing native plugins compatible for Editor in 0.25 ms, found 0 plugins.
Preloading 0 native plugins for Editor in 0.00 ms.
Invoked RoslynAnalysisRunner static constructor.
RoslynAnalysisRunner will not be running.
RoslynAnalysisRunner has terminated.
Mono: successfully reloaded assembly
- Completed reload, in  0.704 seconds
Platform modules already initialized, skipping
Refreshing native plugins compatible for Editor in 0.30 ms, found 0 plugins.
Preloading 0 native plugins for Editor in 0.00 ms.
Unloading 1135 Unused Serialized files (Serialized files now loaded: 0)
System memory in use before: 75.7 MB.
System memory in use after: 75.8 MB.

Unloading 9 unused Assets to reduce memory usage. Loaded Objects now: 1611.
Total: 1.749200 ms (FindLiveObjects: 0.165600 ms CreateObjectMapping: 0.045000 ms MarkObjects: 1.480700 ms  DeleteObjects: 0.056800 ms)

========================================================================
Received Prepare
Registering precompiled user dll's ...
Registered in 0.002170 seconds.
Begin MonoManager ReloadAssembly
Native extension for WindowsStandalone target not found
Refreshing native plugins compatible for Editor in 0.30 ms, found 0 plugins.
Preloading 0 native plugins for Editor in 0.00 ms.
Invoked RoslynAnalysisRunner static constructor.
RoslynAnalysisRunner will not be running.
RoslynAnalysisRunner has terminated.
Mono: successfully reloaded assembly
- Completed reload, in  0.799 seconds
Platform modules already initialized, skipping
Refreshing native plugins compatible for Editor in 0.27 ms, found 0 plugins.
Preloading 0 native plugins for Editor in 0.00 ms.
Unloading 1135 Unused Serialized files (Serialized files now loaded: 0)
System memory in use before: 75.7 MB.
System memory in use after: 75.8 MB.

Unloading 9 unused Assets to reduce memory usage. Loaded Objects now: 1613.
Total: 2.232600 ms (FindLiveObjects: 0.183300 ms CreateObjectMapping: 0.060100 ms MarkObjects: 1.880600 ms  DeleteObjects: 0.107400 ms)

========================================================================
Received Import Request.
  Time since last request: 12579.730549 seconds.
  path: Assets/Script/MonsterScript/Monster_Slime_Ctrl.cs
  artifactKey: Guid(aa829000dbceec24e81bccfc3adf846c) Importer(815301076,1909f56bfc062723c751e8b465ee728b)
Start importing Assets/Script/MonsterScript/Monster_Slime_Ctrl.cs using Guid(aa829000dbceec24e81bccfc3adf846c) Importer(815301076,1909f56bfc062723c751e8b465ee728b)  -> (artifact id: '2a6c847bbbe5d9626d79c65c7cdca113') in 0.011789 seconds
  Import took 0.014225 seconds .

========================================================================
Received Prepare
Refreshing native plugins compatible for Editor in 1.63 ms, found 0 plugins.
Preloading 0 native plugins for Editor in 0.00 ms.
Unloading 7 Unused Serialized files (Serialized files now loaded: 0)
System memory in use before: 53.4 MB.
System memory in use after: 53.5 MB.

Unloading 7 unused Assets to reduce memory usage. Loaded Objects now: 1613.
Total: 2.560700 ms (FindLiveObjects: 0.279800 ms CreateObjectMapping: 0.113800 ms MarkObjects: 2.077200 ms  DeleteObjects: 0.087700 ms)

========================================================================
Received Prepare
Registering precompiled user dll's ...
Registered in 0.002002 seconds.
Begin MonoManager ReloadAssembly
Native extension for WindowsStandalone target not found
Refreshing native plugins compatible for Editor in 0.38 ms, found 0 plugins.
Preloading 0 native plugins for Editor in 0.00 ms.
Invoked RoslynAnalysisRunner static constructor.
RoslynAnalysisRunner will not be running.
RoslynAnalysisRunner has terminated.
Mono: successfully reloaded assembly
- Completed reload, in  0.759 seconds
Platform modules already initialized, skipping
Refreshing native plugins compatible for Editor in 0.35 ms, found 0 plugins.
Preloading 0 native plugins for Editor in 0.00 ms.
Unloading 1135 Unused Serialized files (Serialized files now loaded: 0)
System memory in use before: 75.7 MB.
System memory in use after: 75.8 MB.

Unloading 9 unused Assets to reduce memory usage. Loaded Objects now: 1615.
Total: 2.000800 ms (FindLiveObjects: 0.159100 ms CreateObjectMapping: 0.040500 ms MarkObjects: 1.686200 ms  DeleteObjects: 0.114100 ms)

========================================================================
Received Prepare
Registering precompiled user dll's ...
Registered in 0.002249 seconds.
Begin MonoManager ReloadAssembly
Native extension for WindowsStandalone target not found
Refreshing native plugins compatible for Editor in 0.36 ms, found 0 plugins.
Preloading 0 native plugins for Editor in 0.00 ms.
Invoked RoslynAnalysisRunner static constructor.
RoslynAnalysisRunner will not be running.
RoslynAnalysisRunner has terminated.
Mono: successfully reloaded assembly
- Completed reload, in  0.702 seconds
Platform modules already initialized, skipping
Refreshing native plugins compatible for Editor in 0.32 ms, found 0 plugins.
Preloading 0 native plugins for Editor in 0.00 ms.
Unloading 1135 Unused Serialized files (Serialized files now loaded: 0)
System memory in use before: 75.7 MB.
System memory in use after: 75.8 MB.

Unloading 9 unused Assets to reduce memory usage. Loaded Objects now: 1617.
Total: 2.562000 ms (FindLiveObjects: 0.197100 ms CreateObjectMapping: 0.050600 ms MarkObjects: 2.190400 ms  DeleteObjects: 0.121900 ms)

========================================================================
Received Prepare
Registering precompiled user dll's ...
Registered in 0.003136 seconds.
Begin MonoManager ReloadAssembly
Native extension for WindowsStandalone target not found
Refreshing native plugins compatible for Editor in 0.34 ms, found 0 plugins.
Preloading 0 native plugins for Editor in 0.00 ms.
Invoked RoslynAnalysisRunner static constructor.
RoslynAnalysisRunner will not be running.
RoslynAnalysisRunner has terminated.
Mono: successfully reloaded assembly
- Completed reload, in  0.761 seconds
Platform modules already initialized, skipping
Refreshing native plugins compatible for Editor in 0.32 ms, found 0 plugins.
Preloading 0 native plugins for Editor in 0.00 ms.
Unloading 1135 Unused Serialized files (Serialized files now loaded: 0)
System memory in use before: 75.7 MB.
System memory in use after: 75.8 MB.

Unloading 9 unused Assets to reduce memory usage. Loaded Objects now: 1619.
Total: 3.180200 ms (FindLiveObjects: 0.408800 ms CreateObjectMapping: 0.095600 ms MarkObjects: 2.555000 ms  DeleteObjects: 0.118200 ms)

========================================================================
Received Prepare
Registering precompiled user dll's ...
Registered in 0.001969 seconds.
Begin MonoManager ReloadAssembly
Native extension for WindowsStandalone target not found
Refreshing native plugins compatible for Editor in 0.44 ms, found 0 plugins.
Preloading 0 native plugins for Editor in 0.00 ms.
Invoked RoslynAnalysisRunner static constructor.
RoslynAnalysisRunner will not be running.
RoslynAnalysisRunner has terminated.
Mono: successfully reloaded assembly
- Completed reload, in  0.718 seconds
Platform modules already initialized, skipping
Refreshing native plugins compatible for Editor in 0.43 ms, found 0 plugins.
Preloading 0 native plugins for Editor in 0.00 ms.
Unloading 1135 Unused Serialized files (Serialized files now loaded: 0)
System memory in use before: 75.7 MB.
System memory in use after: 75.8 MB.

Unloading 9 unused Assets to reduce memory usage. Loaded Objects now: 1621.
Total: 1.873900 ms (FindLiveObjects: 0.170200 ms CreateObjectMapping: 0.042800 ms MarkObjects: 1.588200 ms  DeleteObjects: 0.071100 ms)

========================================================================
Received Import Request.
  Time since last request: 765.915043 seconds.
  path: Assets/Script/Login_Mgr.cs
  artifactKey: Guid(f3407a664ea95bf4b8b4435f69c48ee3) Importer(815301076,1909f56bfc062723c751e8b465ee728b)
Start importing Assets/Script/Login_Mgr.cs using Guid(f3407a664ea95bf4b8b4435f69c48ee3) Importer(815301076,1909f56bfc062723c751e8b465ee728b)  -> (artifact id: '59b9db1a2084f95d6b2acc155dad70ba') in 0.011348 seconds
  Import took 0.013749 seconds .

========================================================================
Received Import Request.
  Time since last request: 1.493714 seconds.
  path: Assets/Script/Login_Mgr.cs
  artifactKey: Guid(f3407a664ea95bf4b8b4435f69c48ee3) Importer(815301076,1909f56bfc062723c751e8b465ee728b)
Start importing Assets/Script/Login_Mgr.cs using Guid(f3407a664ea95bf4b8b4435f69c48ee3) Importer(815301076,1909f56bfc062723c751e8b465ee728b)  -> (artifact id: '59b9db1a2084f95d6b2acc155dad70ba') in 0.002169 seconds
  Import took 0.004605 seconds .

========================================================================
Received Prepare
Registering precompiled user dll's ...
Registered in 0.001843 seconds.
Begin MonoManager ReloadAssembly
Native extension for WindowsStandalone target not found
Refreshing native plugins compatible for Editor in 0.29 ms, found 0 plugins.
Preloading 0 native plugins for Editor in 0.00 ms.
Invoked RoslynAnalysisRunner static constructor.
RoslynAnalysisRunner will not be running.
RoslynAnalysisRunner has terminated.
Mono: successfully reloaded assembly
- Completed reload, in  0.734 seconds
Platform modules already initialized, skipping
Refreshing native plugins compatible for Editor in 0.34 ms, found 0 plugins.
Preloading 0 native plugins for Editor in 0.00 ms.
Unloading 1135 Unused Serialized files (Serialized files now loaded: 0)
System memory in use before: 75.7 MB.
System memory in use after: 75.8 MB.

Unloading 9 unused Assets to reduce memory usage. Loaded Objects now: 1623.
Total: 2.238600 ms (FindLiveObjects: 0.144500 ms CreateObjectMapping: 0.040300 ms MarkObjects: 1.968800 ms  DeleteObjects: 0.083900 ms)

========================================================================
Received Prepare
Refreshing native plugins compatible for Editor in 1.80 ms, found 0 plugins.
Preloading 0 native plugins for Editor in 0.00 ms.
Unloading 7 Unused Serialized files (Serialized files now loaded: 0)
System memory in use before: 53.4 MB.
System memory in use after: 53.5 MB.

Unloading 7 unused Assets to reduce memory usage. Loaded Objects now: 1623.
Total: 3.246700 ms (FindLiveObjects: 0.160400 ms CreateObjectMapping: 0.036500 ms MarkObjects: 2.816400 ms  DeleteObjects: 0.231400 ms)

========================================================================
Received Prepare
Registering precompiled user dll's ...
Registered in 0.002368 seconds.
Begin MonoManager ReloadAssembly
Native extension for WindowsStandalone target not found
Refreshing native plugins compatible for Editor in 0.40 ms, found 0 plugins.
Preloading 0 native plugins for Editor in 0.00 ms.
Invoked RoslynAnalysisRunner static constructor.
RoslynAnalysisRunner will not be running.
RoslynAnalysisRunner has terminated.
Mono: successfully reloaded assembly
- Completed reload, in  0.718 seconds
Platform modules already initialized, skipping
Refreshing native plugins compatible for Editor in 0.36 ms, found 0 plugins.
Preloading 0 native plugins for Editor in 0.00 ms.
Unloading 1135 Unused Serialized files (Serialized files now loaded: 0)
System memory in use before: 75.7 MB.
System memory in use after: 75.8 MB.

Unloading 9 unused Assets to reduce memory usage. Loaded Objects now: 1625.
Total: 1.727300 ms (FindLiveObjects: 0.155000 ms CreateObjectMapping: 0.036100 ms MarkObjects: 1.477800 ms  DeleteObjects: 0.057600 ms)

========================================================================
Received Prepare
Refreshing native plugins compatible for Editor in 1.56 ms, found 0 plugins.
Preloading 0 native plugins for Editor in 0.00 ms.
Unloading 7 Unused Serialized files (Serialized files now loaded: 0)
System memory in use before: 53.4 MB.
System memory in use after: 53.5 MB.

Unloading 7 unused Assets to reduce memory usage. Loaded Objects now: 1625.
Total: 1.587700 ms (FindLiveObjects: 0.170600 ms CreateObjectMapping: 0.041500 ms MarkObjects: 1.318200 ms  DeleteObjects: 0.056000 ms)

========================================================================
Received Prepare
Registering precompiled user dll's ...
Registered in 0.002124 seconds.
Begin MonoManager ReloadAssembly
Native extension for WindowsStandalone target not found
Refreshing native plugins compatible for Editor in 0.27 ms, found 0 plugins.
Preloading 0 native plugins for Editor in 0.00 ms.
Invoked RoslynAnalysisRunner static constructor.
RoslynAnalysisRunner will not be running.
RoslynAnalysisRunner has terminated.
Mono: successfully reloaded assembly
- Completed reload, in  0.709 seconds
Platform modules already initialized, skipping
Refreshing native plugins compatible for Editor in 0.26 ms, found 0 plugins.
Preloading 0 native plugins for Editor in 0.00 ms.
Unloading 1135 Unused Serialized files (Serialized files now loaded: 0)
System memory in use before: 75.8 MB.
System memory in use after: 75.8 MB.

Unloading 9 unused Assets to reduce memory usage. Loaded Objects now: 1627.
Total: 1.796900 ms (FindLiveObjects: 0.220700 ms CreateObjectMapping: 0.040700 ms MarkObjects: 1.467800 ms  DeleteObjects: 0.066100 ms)

========================================================================
Received Prepare
Registering precompiled user dll's ...
Registered in 0.002025 seconds.
Begin MonoManager ReloadAssembly
Native extension for WindowsStandalone target not found
Refreshing native plugins compatible for Editor in 0.33 ms, found 0 plugins.
Preloading 0 native plugins for Editor in 0.00 ms.
Invoked RoslynAnalysisRunner static constructor.
RoslynAnalysisRunner will not be running.
RoslynAnalysisRunner has terminated.
Mono: successfully reloaded assembly
- Completed reload, in  0.749 seconds
Platform modules already initialized, skipping
Refreshing native plugins compatible for Editor in 0.29 ms, found 0 plugins.
Preloading 0 native plugins for Editor in 0.00 ms.
Unloading 1135 Unused Serialized files (Serialized files now loaded: 0)
System memory in use before: 75.8 MB.
System memory in use after: 75.8 MB.

Unloading 9 unused Assets to reduce memory usage. Loaded Objects now: 1629.
Total: 1.903200 ms (FindLiveObjects: 0.133700 ms CreateObjectMapping: 0.033000 ms MarkObjects: 1.668700 ms  DeleteObjects: 0.066800 ms)

========================================================================
Received Prepare
Refreshing native plugins compatible for Editor in 1.13 ms, found 0 plugins.
Preloading 0 native plugins for Editor in 0.00 ms.
Unloading 7 Unused Serialized files (Serialized files now loaded: 0)
System memory in use before: 53.4 MB.
System memory in use after: 53.5 MB.

Unloading 7 unused Assets to reduce memory usage. Loaded Objects now: 1629.
Total: 1.985700 ms (FindLiveObjects: 0.213300 ms CreateObjectMapping: 0.087200 ms MarkObjects: 1.581200 ms  DeleteObjects: 0.102400 ms)

